<?xml version="1.0" encoding="UTF-8"?>
<!-- Generated by org.testng.reporters.JUnitXMLReporter -->
<testsuite hostname="HBADT4700067" ignored="0" name="Search Item" tests="3" failures="1" timestamp="31 Jan 2021 06:51:55 GMT" time="62.296" errors="0">
  <testcase name="searchItemDDT" time="10.122" classname="com.qa.testsScripts.TC_AmazonSearchItemDDT_003"/>
  <testcase name="searchItemDDT" time="7.858" classname="com.qa.testsScripts.TC_AmazonSearchItemDDT_003">
    <failure type="java.lang.AssertionError">
      <![CDATA[java.lang.AssertionError
at org.junit.Assert.fail(Assert.java:87)
at org.junit.Assert.assertTrue(Assert.java:42)
at org.junit.Assert.assertTrue(Assert.java:53)
at com.qa.testsScripts.TC_AmazonSearchItemDDT_003.searchItemDDT(TC_AmazonSearchItemDDT_003.java:43)
... Removed 25 stack frames]]>
    </failure>
  </testcase> <!-- searchItemDDT -->
  <testcase name="searchItemDDT" time="11.324" classname="com.qa.testsScripts.TC_AmazonSearchItemDDT_003"/>
</testsuite> <!-- Search Item -->
